SF:src/NCPLS/cca.jl
DA:12,189
DA:17,281
DA:20,189
DA:22,189
DA:23,189
DA:24,189
DA:25,189
DA:26,143
DA:28,189
DA:30,189
DA:31,189
DA:32,189
DA:33,189
DA:34,105
DA:36,189
DA:38,189
DA:46,97
DA:54,184
DA:57,191
DA:61,191
DA:63,191
DA:64,191
DA:66,382
DA:67,382
DA:69,191
DA:70,1
DA:72,190
DA:73,1
DA:76,189
DA:77,189
DA:78,189
DA:79,376
DA:81,189
DA:85,2540
DA:86,189
DA:87,222
DA:88,255
DA:89,189
LH:38
LF:38
end_of_record
SF:src/NCPLS/computations.jl
DA:12,195
DA:17,195
DA:18,369
DA:20,195
DA:21,100
DA:23,95
DA:24,190
DA:27,195
DA:39,192
DA:43,192
DA:46,192
DA:49,192
DA:52,190
DA:53,190
DA:55,359
DA:56,359
DA:58,190
DA:70,226
DA:74,227
DA:77,225
DA:79,51
DA:91,192
DA:95,192
DA:96,193
DA:99,191
DA:100,360
DA:101,381
DA:102,191
DA:114,190
DA:118,190
DA:121,189
DA:129,189
DA:132,535
DA:133,536
DA:135,534
DA:147,190
DA:151,191
DA:154,378
DA:155,189
DA:167,189
DA:171,190
DA:174,188
DA:187,190
DA:192,191
DA:194,190
DA:197,376
DA:198,188
DA:210,160
DA:214,161
DA:217,159
DA:218,297
DA:219,297
DA:221,159
DA:222,159
DA:223,168
DA:225,9
DA:226,9
DA:228,168
DA:231,159
DA:233,159
DA:245,159
DA:249,159
DA:250,160
DA:253,158
DA:254,158
DA:256,158
DA:257,158
DA:264,158
DA:275,324
DA:282,162
DA:284,162
DA:286,162
DA:287,346
DA:288,6
DA:290,346
DA:291,530
DA:293,162
DA:313,305
DA:319,165
DA:321,165
DA:322,6
DA:323,3
DA:324,3
DA:325,3
DA:327,3
DA:336,162
DA:337,137
DA:338,137
DA:339,491
DA:340,426
DA:341,274
DA:343,137
DA:353,25
DA:356,25
DA:378,337
DA:379,674
DA:380,337
DA:381,337
DA:382,52416
DA:383,52416
DA:384,149480
DA:385,246544
DA:386,52416
DA:387,52416
DA:388,337
DA:397,356
DA:402,356
DA:403,357
DA:404,2462
DA:406,355
DA:407,104952
DA:408,104952
DA:409,314856
DA:410,209904
DA:412,524760
DA:413,104952
DA:414,105307
DA:416,355
DA:426,56
DA:432,28
DA:433,28
DA:434,28
DA:435,28
DA:437,27
DA:439,27
DA:440,21
DA:441,63
DA:442,63
DA:443,105
DA:444,6
DA:445,5
DA:446,60
DA:447,15
DA:448,30
DA:449,15
DA:450,15
DA:451,15
DA:453,1
DA:456,26
DA:457,26
DA:459,26
DA:460,118
DA:461,354
DA:462,354
DA:463,354
DA:464,354
DA:465,590
DA:467,118
DA:468,118
DA:469,118
DA:470,127
DA:472,118
DA:473,1
DA:476,118
DA:477,19
DA:478,19
DA:489,99
DA:490,191
DA:492,7
DA:493,7
DA:494,7
DA:496,7
LH:162
LF:162
end_of_record
SF:src/NCPLS/crossvalidation.jl
DA:7,81
DA:8,82
DA:9,81
DA:11,158
DA:15,1167
DA:16,78
DA:17,581
DA:18,1084
DA:20,78
DA:28,14
DA:29,14
DA:30,14
DA:32,643
DA:33,20
DA:34,319
DA:35,624
DA:37,14
DA:45,197
DA:52,100
DA:53,100
DA:54,100
DA:55,905
DA:56,555
DA:58,100
DA:59,100
DA:67,66
DA:72,67
DA:75,65
DA:76,66
DA:79,64
DA:81,59
DA:82,59
DA:83,59
DA:84,59
DA:86,59
DA:94,3
DA:99,4
DA:102,2
DA:103,6
DA:105,8
DA:108,3
DA:118,1
DA:123,75
DA:135,70
DA:139,70
DA:142,70
DA:143,70
DA:144,70
DA:147,12
DA:148,12
DA:149,19
DA:150,7
DA:153,5
DA:154,5
DA:156,1
DA:163,8
DA:167,8
DA:170,8
DA:171,7
DA:172,7
DA:173,7
DA:182,1
DA:187,1
DA:190,4
DA:194,4
DA:195,4
DA:198,4
DA:199,4
DA:208,43
DA:213,43
DA:215,41
DA:216,40
DA:219,38
DA:220,38
DA:222,39
DA:227,74
DA:228,74
DA:229,148
DA:230,74
DA:231,1
DA:234,74
DA:235,421
DA:236,768
DA:237,111
DA:239,37
DA:247,13
DA:248,75
DA:249,87
DA:250,13
DA:251,22
DA:252,13
DA:260,6
DA:261,29
DA:264,35
DA:265,6
DA:287,3
DA:301,3
DA:303,3
DA:323,2
DA:337,2
DA:372,2
DA:387,2
DA:389,2
DA:410,4
DA:425,4
DA:465,3
DA:480,3
DA:482,3
DA:504,2
DA:519,2
DA:520,2
DA:522,2
DA:539,4
DA:544,2
DA:573,2
DA:589,2
DA:591,2
DA:614,2
DA:630,2
DA:631,2
DA:633,2
DA:651,4
DA:656,2
DA:670,34
DA:690,17
DA:692,34
DA:695,17
DA:696,11
DA:698,11
DA:700,11
DA:702,11
DA:706,17
DA:707,17
DA:708,17
DA:711,17
DA:712,17
DA:713,34
DA:716,17
DA:717,34
DA:720,34
DA:722,34
DA:724,34
DA:725,34
DA:727,34
DA:728,34
DA:729,34
DA:731,34
DA:732,34
DA:740,34
DA:741,34
DA:743,34
DA:745,34
DA:746,22
DA:764,42
DA:766,34
DA:768,56
DA:774,34
DA:775,34
DA:776,34
DA:777,34
DA:779,34
DA:780,51
DA:782,17
DA:791,12
DA:812,6
DA:815,6
DA:816,6
DA:817,6
DA:820,6
DA:821,6
DA:822,9
DA:823,9
DA:824,9
DA:826,9
DA:828,9
DA:848,9
DA:849,12
DA:851,6
DA:890,8
DA:906,4
DA:907,4
DA:909,4
DA:910,4
DA:911,64
DA:912,64
DA:914,8
DA:917,4
DA:918,3
DA:920,3
DA:924,8
DA:927,4
DA:928,8
DA:931,8
DA:933,8
DA:935,8
DA:936,8
DA:938,8
DA:939,8
DA:940,8
DA:942,8
DA:943,8
DA:951,8
DA:953,8
DA:954,6
DA:972,10
DA:975,16
DA:981,8
DA:982,8
DA:983,8
DA:986,8
DA:987,8
DA:988,12
DA:990,4
DA:991,4
DA:994,1
DA:1010,1
DA:1011,1
DA:1029,2
DA:1034,1
DA:1039,56
DA:1056,28
DA:1058,28
DA:1061,28
DA:1062,28
DA:1064,28
DA:1067,28
DA:1068,28
DA:1070,28
DA:1071,56
DA:1073,56
DA:1075,56
DA:1076,56
DA:1078,56
DA:1079,56
DA:1080,56
DA:1081,56
DA:1083,56
DA:1084,56
DA:1092,56
DA:1094,92
DA:1100,56
DA:1101,56
DA:1102,60
DA:1103,56
DA:1104,56
DA:1105,56
DA:1107,112
DA:1108,56
DA:1111,56
DA:1112,84
DA:1114,28
DA:1117,61
DA:1125,99
DA:1127,65
DA:1128,186
DA:1135,65
DA:1137,65
DA:1138,65
DA:1141,65
DA:1144,65
DA:1145,65
DA:1147,65
DA:1149,65
DA:1151,65
DA:1153,65
DA:1155,65
DA:1158,1
DA:1162,1
DA:1164,2
DA:1165,1
DA:1167,1
DA:1170,80
DA:1176,4
DA:1177,4
DA:1180,63
DA:1186,49
DA:1187,49
DA:1190,49
DA:1191,28
DA:1192,14
DA:1193,14
DA:1194,14
DA:1195,14
DA:1196,14
DA:1197,28
DA:1198,28
DA:1199,28
DA:1200,28
DA:1201,42
DA:1202,14
DA:1205,35
DA:1207,35
DA:1210,1
DA:1215,99
DA:1217,65
DA:1218,65
DA:1219,69
DA:1220,3
DA:1221,66
DA:1222,1
DA:1224,71
DA:1226,74
DA:1227,73
DA:1229,65
DA:1232,66
DA:1236,98
DA:1237,34
DA:1240,9
DA:1246,9
DA:1247,8
DA:1249,7
DA:1250,5
DA:1251,2
DA:1252,1
DA:1254,1
DA:1260,7
DA:1266,7
DA:1267,6
DA:1268,5
DA:1270,4
DA:1271,2
DA:1272,2
DA:1273,1
DA:1275,1
DA:1282,98
DA:1296,401
DA:1297,401
LH:327
LF:327
end_of_record
SF:src/NCPLS/fit.jl
DA:54,39
DA:60,39
DA:63,1
DA:69,2
DA:72,1
DA:79,1
DA:83,39
DA:102,39
DA:113,2
DA:132,2
DA:134,1
DA:145,2
DA:162,1
DA:165,1
DA:167,1
DA:200,120
DA:219,66
DA:223,59
DA:228,65
DA:229,57
DA:233,55
DA:236,54
DA:239,1322
DA:240,50
DA:241,50
DA:242,50
DA:243,50
DA:244,50
DA:245,50
DA:246,50
DA:247,50
DA:248,36
DA:252,36
DA:253,36
DA:254,36
DA:255,36
DA:256,36
DA:258,14
DA:259,14
DA:260,14
DA:261,14
DA:262,14
DA:263,14
DA:265,50
DA:268,58
DA:272,100
DA:273,50
DA:275,66
DA:276,66
DA:277,111
DA:284,66
DA:285,66
DA:286,66
DA:287,22
DA:288,22
DA:289,4
DA:294,66
DA:295,66
DA:298,146
DA:300,66
DA:301,45
DA:303,45
DA:305,45
DA:306,109
DA:307,109
DA:308,45
DA:309,45
DA:310,45
DA:311,45
DA:312,45
DA:314,45
DA:317,21
DA:320,66
DA:326,66
DA:327,66
DA:328,85
DA:329,4
DA:331,66
DA:332,66
DA:335,66
DA:336,66
DA:339,66
DA:340,66
DA:343,66
DA:344,82
DA:347,50
DA:350,50
DA:352,50
DA:385,364
DA:387,275
DA:390,138
DA:391,138
DA:394,138
DA:399,164
DA:400,137
DA:407,137
DA:408,22
DA:410,35
DA:413,203
DA:414,4745
DA:417,201
DA:418,203
DA:421,199
DA:424,5
DA:425,200
DA:427,4
DA:428,68
DA:431,17
DA:435,68
DA:436,17
DA:438,25
DA:439,16
DA:440,16
DA:442,15
DA:446,13
DA:447,13
DA:448,26
DA:449,26
DA:452,26
DA:453,26
DA:455,13
DA:458,10
DA:463,56
DA:464,61
DA:466,10
DA:467,6
DA:468,6
DA:469,7
DA:471,2
DA:472,1
DA:476,1
DA:479,6
DA:480,4
DA:481,4
DA:485,4
DA:488,72
DA:492,136
DA:494,20
DA:497,18
DA:498,23
DA:499,37
DA:500,32
DA:503,35
DA:504,43
DA:506,17
DA:509,29
DA:512,2
DA:513,2
DA:515,2
DA:516,4
LH:150
LF:150
end_of_record
SF:src/NCPLS/fit_light.jl
DA:21,100
DA:27,100
DA:51,210
DA:70,105
DA:72,720
DA:73,201
DA:74,131
DA:75,201
DA:76,103
DA:77,98
DA:82,108
DA:84,103
DA:86,169
DA:88,178
DA:89,103
DA:90,121
DA:91,233
DA:93,233
DA:94,121
DA:95,121
DA:96,6
DA:97,6
DA:98,1
DA:102,121
DA:103,219
DA:105,121
DA:106,224
DA:107,112
DA:109,112
DA:110,224
DA:111,224
DA:113,112
DA:115,9
DA:118,121
DA:120,121
DA:121,121
DA:122,129
DA:123,1
DA:125,121
DA:126,121
DA:128,121
DA:129,121
DA:131,121
DA:132,121
DA:134,121
DA:135,139
DA:137,103
DA:138,103
DA:140,103
LH:49
LF:49
end_of_record
SF:src/NCPLS/landscape.jl
DA:21,37
DA:27,19
DA:30,18
DA:31,16
DA:32,17
DA:34,16
DA:35,3
DA:37,3
DA:38,13
DA:39,2
DA:40,2
DA:42,2
DA:44,2
DA:46,4
DA:47,11
DA:48,1
DA:49,10
DA:50,9
DA:52,11
DA:56,15
DA:59,15
DA:68,2
DA:91,12
DA:96,12
DA:97,6
DA:98,4
DA:99,9
DA:100,6
DA:102,1
DA:106,9
DA:109,9
DA:127,15
DA:132,14
DA:135,13
DA:136,7
DA:137,5
DA:138,9
DA:139,6
DA:141,1
DA:146,4
DA:150,19
DA:151,13
DA:152,5
DA:153,5
DA:154,3
DA:156,1
DA:160,6
DA:164,6
DA:165,6
DA:166,2
DA:167,4
DA:168,1
DA:169,3
DA:170,2
DA:171,2
DA:172,1
DA:174,11
DA:178,5
DA:181,11
DA:185,11
DA:186,4
DA:187,7
DA:188,2
DA:189,5
DA:190,4
DA:191,3
DA:192,2
DA:194,21
DA:198,10
DA:201,8
DA:202,8
DA:204,8
DA:205,1
DA:211,7
DA:214,7
DA:215,7
DA:217,7
DA:220,7
DA:223,22
DA:226,5
DA:232,5
DA:233,5
DA:234,5
DA:235,5
DA:236,5
DA:237,5
DA:240,7
DA:245,12
DA:246,12
DA:248,26
DA:250,12
DA:251,1
DA:252,1
DA:253,11
DA:254,3
DA:255,8
DA:256,3
DA:257,5
DA:258,4
DA:260,1
DA:264,2
DA:269,4
DA:270,3
DA:272,1
DA:276,2
DA:280,5
DA:324,4
DA:325,2
DA:326,1
DA:361,4
DA:362,2
DA:363,1
DA:393,4
DA:394,2
DA:395,1
DA:398,5
DA:399,5
DA:401,1
DA:406,2
DA:409,2
DA:412,2
DA:415,8
DA:420,4
DA:421,2
DA:422,2
DA:424,2
DA:428,2
DA:433,2
DA:436,4
DA:441,2
DA:442,1
DA:443,1
DA:445,1
DA:449,4
DA:454,2
DA:455,1
DA:456,1
DA:458,1
LH:138
LF:138
end_of_record
SF:src/NCPLS/predict.jl
DA:17,236
DA:22,241
DA:24,175
DA:27,175
DA:28,177
DA:31,173
DA:32,173
DA:33,173
DA:35,173
DA:36,308
DA:37,185
DA:39,173
DA:40,173
DA:42,173
DA:52,64
DA:56,64
DA:59,62
DA:60,64
DA:63,60
DA:64,60
DA:66,60
DA:67,82
DA:68,82
DA:70,60
DA:79,235
DA:83,235
DA:84,235
DA:85,235
DA:87,235
LH:29
LF:29
end_of_record
SF:src/NCPLS/preprocessing.jl
DA:15,14
DA:23,168
DA:26,167
DA:27,167
DA:29,167
DA:32,164
DA:34,162
DA:37,162
DA:38,24
DA:39,26
DA:41,22
DA:44,160
DA:69,332
DA:76,332
DA:79,331
DA:81,329
DA:82,329
DA:83,1085
DA:85,329
DA:86,171
DA:87,166
DA:88,332
DA:90,8
DA:91,5
DA:94,171
DA:95,10
DA:96,18
DA:98,1
DA:99,11
DA:101,56
DA:102,20
DA:104,161
DA:107,316
DA:108,158
DA:110,158
DA:111,314
DA:112,314
DA:114,1
DA:115,1
DA:118,158
DA:119,8
DA:120,14
DA:122,2
DA:123,9
DA:125,31
DA:126,16
DA:128,150
DA:132,329
DA:144,166
DA:148,337
DA:150,166
DA:153,165
DA:156,2794
DA:159,161
DA:162,159
DA:170,1379
LH:56
LF:56
end_of_record
SF:src/NCPLS/scoreplot.jl
DA:88,3
DA:89,3
DA:91,2
DA:96,2
DA:99,2
DA:102,8
DA:109,4
DA:110,1
DA:111,1
DA:112,3
DA:113,2
DA:114,2
DA:116,1
DA:120,10
DA:125,5
DA:126,5
DA:131,4
DA:132,5
DA:136,3
DA:138,3
DA:139,1
DA:140,1
DA:141,2
DA:142,1
DA:143,1
DA:145,1
LH:26
LF:26
end_of_record
SF:src/NCPLS/types.jl
DA:9,212
DA:44,379
DA:59,218
DA:60,215
DA:61,214
DA:62,213
DA:65,211
DA:80,1
DA:94,1
DA:95,1
DA:96,1
DA:97,1
DA:98,1
DA:99,1
DA:100,1
DA:101,1
DA:102,1
DA:103,1
DA:104,1
DA:105,1
DA:117,27
DA:122,48
DA:127,27
DA:128,54
DA:135,3
DA:142,2
DA:163,107
DA:170,1
DA:177,1
DA:178,1
DA:179,1
DA:180,1
DA:181,1
DA:192,24
DA:193,38
DA:201,2
DA:208,2
DA:215,2
DA:252,79
DA:278,90
DA:304,79
DA:305,79
DA:306,79
DA:308,134
DA:312,79
DA:317,87
DA:318,79
DA:320,79
DA:349,1
DA:358,1
DA:359,1
DA:360,1
DA:361,1
DA:362,1
DA:363,1
DA:364,1
DA:372,22
DA:379,38
DA:389,25
DA:396,10
DA:406,1
DA:408,3
DA:409,3
DA:410,5
DA:412,1
DA:415,2
DA:416,2
DA:417,3
DA:419,1
DA:422,2
DA:423,2
DA:424,3
DA:426,1
DA:435,7
DA:436,8
DA:437,8
DA:438,8
DA:439,8
DA:448,6
DA:449,7
DA:450,7
DA:452,7
DA:453,6
DA:455,8
DA:458,7
DA:466,597
DA:468,8
DA:469,260
DA:471,244
DA:480,384
DA:485,192
DA:486,201
DA:488,183
DA:489,183
DA:490,183
DA:491,183
LH:96
LF:96
end_of_record
SF:ext/makie_extensions/scoreplot.jl
DA:3,10
DA:26,5
DA:28,45
DA:29,4
DA:30,2
DA:32,9
DA:33,5
DA:34,5
DA:35,1
DA:36,4
DA:37,1
DA:39,3
DA:42,39
DA:44,15
DA:49,5
DA:50,5
DA:58,6
DA:64,5
DA:65,6
DA:66,6
DA:68,6
DA:69,12
DA:70,12
DA:72,10
DA:73,10
DA:74,10
DA:76,20
DA:82,10
DA:83,19
DA:85,10
DA:86,4
DA:87,4
DA:93,10
DA:94,14
DA:96,6
DA:97,6
DA:98,5
LH:37
LF:37
end_of_record
SF:ext/plotly_extensions/landscapeplot.jl
DA:1,19
DA:2,19
DA:5,4
DA:6,4
DA:9,22
DA:15,12
DA:16,11
DA:18,18
DA:19,9
DA:21,8
DA:22,8
DA:23,8
DA:24,8
DA:25,8
DA:27,8
DA:28,3
DA:31,8
DA:34,6
DA:49,3
DA:55,5
DA:56,3
DA:57,3
DA:59,5
DA:66,3
DA:68,3
DA:75,5
DA:87,5
DA:93,4
DA:94,1
DA:95,1
DA:97,3
DA:100,6
DA:114,3
DA:115,3
DA:116,3
DA:117,3
DA:119,3
DA:120,3
DA:127,5
DA:128,3
DA:129,3
DA:136,3
DA:137,1
DA:139,5
DA:142,4
DA:152,5
DA:158,5
DA:160,1
DA:162,3
DA:165,8
DA:175,4
DA:176,4
DA:177,4
DA:178,2
DA:180,5
DA:182,3
DA:188,3
DA:196,5
DA:197,2
DA:198,2
DA:199,3
DA:201,3
DA:202,6
DA:203,6
DA:205,6
DA:206,10
DA:221,8
DA:237,9
DA:239,3
DA:240,3
DA:241,2
DA:247,1
DA:250,3
LH:73
LF:73
end_of_record
SF:ext/plotly_extensions/scoreplot.jl
DA:3,10
DA:20,6
DA:22,27
DA:23,8
DA:24,5
DA:26,7
DA:27,4
DA:28,1
DA:29,3
DA:30,1
DA:32,2
DA:35,22
DA:38,4
DA:39,5
DA:40,10
DA:41,10
DA:43,8
DA:44,8
DA:45,8
DA:47,9
DA:48,10
DA:50,8
DA:51,10
DA:53,8
DA:54,16
DA:55,15
DA:56,16
DA:57,15
DA:59,8
DA:60,4
DA:62,7
DA:63,6
DA:65,8
DA:66,12
DA:68,4
DA:74,4
LH:36
LF:36
end_of_record
